2025-02-18 03:22:39 - SQL QUERY - addDescriptor(12, org.hibernate.type.descriptor.sql.internal.CapacityDependentDdlType@41f686af) replaced previous registration(org.hibernate.type.descriptor.sql.internal.CapacityDependentDdlType@3dded90a)
2025-02-18 03:22:39 - SQL QUERY - addDescriptor(-9, org.hibernate.type.descriptor.sql.internal.CapacityDependentDdlType@7be3abaa) replaced previous registration(org.hibernate.type.descriptor.sql.internal.CapacityDependentDdlType@29f8134)
2025-02-18 03:22:39 - SQL QUERY - addDescriptor(-3, org.hibernate.type.descriptor.sql.internal.CapacityDependentDdlType@77a9ac36) replaced previous registration(org.hibernate.type.descriptor.sql.internal.CapacityDependentDdlType@3c743d40)
2025-02-18 03:22:39 - SQL QUERY - addDescriptor(4003, org.hibernate.type.descriptor.sql.internal.DdlTypeImpl@5aac6f9f) replaced previous registration(org.hibernate.type.descriptor.sql.internal.DdlTypeImpl@2444c3df)
2025-02-18 03:22:39 - SQL QUERY - addDescriptor(4001, org.hibernate.type.descriptor.sql.internal.DdlTypeImpl@1eb6037d) replaced previous registration(org.hibernate.type.descriptor.sql.internal.DdlTypeImpl@335b3d6)
2025-02-18 03:22:39 - SQL QUERY - addDescriptor(4002, org.hibernate.type.descriptor.sql.internal.DdlTypeImpl@3a5ce4b8) replaced previous registration(org.hibernate.type.descriptor.sql.internal.DdlTypeImpl@38848217)
2025-02-18 03:22:39 - SQL QUERY - addDescriptor(2004, org.hibernate.type.descriptor.sql.internal.CapacityDependentDdlType@1607d391) replaced previous registration(org.hibernate.type.descriptor.sql.internal.DdlTypeImpl@38826984)
2025-02-18 03:22:39 - SQL QUERY - addDescriptor(2005, org.hibernate.type.descriptor.sql.internal.CapacityDependentDdlType@65262308) replaced previous registration(org.hibernate.type.descriptor.sql.internal.DdlTypeImpl@792e8181)
2025-02-18 03:22:39 - SQL QUERY - addDescriptor(2011, org.hibernate.type.descriptor.sql.internal.CapacityDependentDdlType@511d5e6e) replaced previous registration(org.hibernate.type.descriptor.sql.internal.DdlTypeImpl@7a78d380)
2025-02-18 03:22:40 - SQL QUERY - alter table error_log modify column id INT AUTO_INCREMENT COMMENT 'Unique identifier for each error log entry' not null auto_increment
2025-02-18 03:22:40 - SQL QUERY - alter table error_log modify column additional_details JSON
2025-02-18 03:22:40 - SQL QUERY - alter table error_log modify column client_ip VARCHAR(50)
2025-02-18 03:22:40 - SQL QUERY - alter table error_log modify column error_message TEXT NOT NULL not null
2025-02-18 03:22:40 - SQL QUERY - alter table error_log modify column source VARCHAR(100)
2025-02-18 03:22:40 - SQL QUERY - alter table error_log modify column stack_trace TEXT
2025-02-18 03:24:56 - SQL QUERY - select e1_0.id,e1_0.age,e1_0.birth_date,e1_0.first_name,e1_0.gender,e1_0.last_name,e1_0.position,e1_0.second_last_name,e1_0.status from employees e1_0 where e1_0.status=?
2025-02-18 03:24:56 - SQL QUERY - insert into event_log (additional_details,client_ip,employee_id,event_timestamp,event_type) values (?,?,?,?,?)
2025-02-18 03:28:06 - SQL QUERY - addDescriptor(12, org.hibernate.type.descriptor.sql.internal.CapacityDependentDdlType@7a78d380) replaced previous registration(org.hibernate.type.descriptor.sql.internal.CapacityDependentDdlType@2e1291a4)
2025-02-18 03:28:06 - SQL QUERY - addDescriptor(-9, org.hibernate.type.descriptor.sql.internal.CapacityDependentDdlType@23bd2f6e) replaced previous registration(org.hibernate.type.descriptor.sql.internal.CapacityDependentDdlType@18e8eb59)
2025-02-18 03:28:06 - SQL QUERY - addDescriptor(-3, org.hibernate.type.descriptor.sql.internal.CapacityDependentDdlType@2430cf17) replaced previous registration(org.hibernate.type.descriptor.sql.internal.CapacityDependentDdlType@1e95f584)
2025-02-18 03:28:06 - SQL QUERY - addDescriptor(4003, org.hibernate.type.descriptor.sql.internal.DdlTypeImpl@54997f67) replaced previous registration(org.hibernate.type.descriptor.sql.internal.DdlTypeImpl@bf4e48e)
2025-02-18 03:28:06 - SQL QUERY - addDescriptor(4001, org.hibernate.type.descriptor.sql.internal.DdlTypeImpl@299eca90) replaced previous registration(org.hibernate.type.descriptor.sql.internal.DdlTypeImpl@189633f2)
2025-02-18 03:28:06 - SQL QUERY - addDescriptor(4002, org.hibernate.type.descriptor.sql.internal.DdlTypeImpl@76b05c0) replaced previous registration(org.hibernate.type.descriptor.sql.internal.DdlTypeImpl@2b974137)
2025-02-18 03:28:06 - SQL QUERY - addDescriptor(2004, org.hibernate.type.descriptor.sql.internal.CapacityDependentDdlType@7402c49f) replaced previous registration(org.hibernate.type.descriptor.sql.internal.DdlTypeImpl@5d22604e)
2025-02-18 03:28:06 - SQL QUERY - addDescriptor(2005, org.hibernate.type.descriptor.sql.internal.CapacityDependentDdlType@2382b2f) replaced previous registration(org.hibernate.type.descriptor.sql.internal.DdlTypeImpl@13374ca6)
2025-02-18 03:28:06 - SQL QUERY - addDescriptor(2011, org.hibernate.type.descriptor.sql.internal.CapacityDependentDdlType@71734463) replaced previous registration(org.hibernate.type.descriptor.sql.internal.DdlTypeImpl@3f1d6a13)
2025-02-18 03:28:07 - SQL QUERY - alter table error_log modify column id INT AUTO_INCREMENT COMMENT 'Unique identifier for each error log entry' not null auto_increment
2025-02-18 03:28:07 - SQL QUERY - alter table error_log modify column additional_details JSON
2025-02-18 03:28:07 - SQL QUERY - alter table error_log modify column client_ip VARCHAR(50)
2025-02-18 03:28:07 - SQL QUERY - alter table error_log modify column error_message TEXT NOT NULL not null
2025-02-18 03:28:07 - SQL QUERY - alter table error_log modify column source VARCHAR(100)
2025-02-18 03:28:07 - SQL QUERY - alter table error_log modify column stack_trace TEXT
2025-02-18 03:28:19 - SQL QUERY - select e1_0.id,e1_0.age,e1_0.birth_date,e1_0.first_name,e1_0.gender,e1_0.last_name,e1_0.position,e1_0.second_last_name,e1_0.status from employees e1_0 where e1_0.status=?
2025-02-18 03:28:20 - SQL QUERY - insert into event_log (additional_details,client_ip,employee_id,event_timestamp,event_type) values (?,?,?,?,?)
2025-02-18 03:30:28 - SQL QUERY - addDescriptor(12, org.hibernate.type.descriptor.sql.internal.CapacityDependentDdlType@4e756867) replaced previous registration(org.hibernate.type.descriptor.sql.internal.CapacityDependentDdlType@38ebc866)
2025-02-18 03:30:28 - SQL QUERY - addDescriptor(-9, org.hibernate.type.descriptor.sql.internal.CapacityDependentDdlType@6adcf059) replaced previous registration(org.hibernate.type.descriptor.sql.internal.CapacityDependentDdlType@7962a746)
2025-02-18 03:30:28 - SQL QUERY - addDescriptor(-3, org.hibernate.type.descriptor.sql.internal.CapacityDependentDdlType@1c31de5d) replaced previous registration(org.hibernate.type.descriptor.sql.internal.CapacityDependentDdlType@7a7f9d45)
2025-02-18 03:30:28 - SQL QUERY - addDescriptor(4003, org.hibernate.type.descriptor.sql.internal.DdlTypeImpl@772cf46b) replaced previous registration(org.hibernate.type.descriptor.sql.internal.DdlTypeImpl@1b98355f)
2025-02-18 03:30:28 - SQL QUERY - addDescriptor(4001, org.hibernate.type.descriptor.sql.internal.DdlTypeImpl@949d347) replaced previous registration(org.hibernate.type.descriptor.sql.internal.DdlTypeImpl@f5ae29e)
2025-02-18 03:30:28 - SQL QUERY - addDescriptor(4002, org.hibernate.type.descriptor.sql.internal.DdlTypeImpl@1fc5c0b2) replaced previous registration(org.hibernate.type.descriptor.sql.internal.DdlTypeImpl@45ad3cd8)
2025-02-18 03:30:28 - SQL QUERY - addDescriptor(2004, org.hibernate.type.descriptor.sql.internal.CapacityDependentDdlType@2b90cc1) replaced previous registration(org.hibernate.type.descriptor.sql.internal.DdlTypeImpl@5a2f401a)
2025-02-18 03:30:28 - SQL QUERY - addDescriptor(2005, org.hibernate.type.descriptor.sql.internal.CapacityDependentDdlType@6bdedbbd) replaced previous registration(org.hibernate.type.descriptor.sql.internal.DdlTypeImpl@47b961e2)
2025-02-18 03:30:28 - SQL QUERY - addDescriptor(2011, org.hibernate.type.descriptor.sql.internal.CapacityDependentDdlType@d2cb2d0) replaced previous registration(org.hibernate.type.descriptor.sql.internal.DdlTypeImpl@2d230cff)
2025-02-18 03:30:29 - SQL QUERY - alter table error_log modify column id INT AUTO_INCREMENT COMMENT 'Unique identifier for each error log entry' not null auto_increment
2025-02-18 03:30:29 - SQL QUERY - alter table error_log modify column additional_details JSON
2025-02-18 03:30:29 - SQL QUERY - alter table error_log modify column client_ip VARCHAR(50)
2025-02-18 03:30:29 - SQL QUERY - alter table error_log modify column error_message TEXT NOT NULL not null
2025-02-18 03:30:29 - SQL QUERY - alter table error_log modify column source VARCHAR(100)
2025-02-18 03:30:29 - SQL QUERY - alter table error_log modify column stack_trace TEXT
2025-02-18 03:31:06 - SQL QUERY - select e1_0.id,e1_0.age,e1_0.birth_date,e1_0.first_name,e1_0.gender,e1_0.last_name,e1_0.position,e1_0.second_last_name,e1_0.status from employees e1_0 where e1_0.status=?
2025-02-18 03:31:06 - SQL QUERY - insert into event_log (additional_details,client_ip,employee_id,event_timestamp,event_type) values (?,?,?,?,?)
2025-02-18 03:34:18 - SQL QUERY - o.h.t.d.sql.spi.DdlTypeRegistry - o.h.t.d.s.s.DdlTypeRegistry:64 - addDescriptor(12, org.hibernate.type.descriptor.sql.internal.CapacityDependentDdlType@aa8dce8) replaced previous registration(org.hibernate.type.descriptor.sql.internal.CapacityDependentDdlType@6ad112de)
2025-02-18 03:34:18 - SQL QUERY - o.h.t.d.sql.spi.DdlTypeRegistry - o.h.t.d.s.s.DdlTypeRegistry:64 - addDescriptor(-9, org.hibernate.type.descriptor.sql.internal.CapacityDependentDdlType@18a0721b) replaced previous registration(org.hibernate.type.descriptor.sql.internal.CapacityDependentDdlType@2ae2fa13)
2025-02-18 03:34:18 - SQL QUERY - o.h.t.d.sql.spi.DdlTypeRegistry - o.h.t.d.s.s.DdlTypeRegistry:64 - addDescriptor(-3, org.hibernate.type.descriptor.sql.internal.CapacityDependentDdlType@66e12c3b) replaced previous registration(org.hibernate.type.descriptor.sql.internal.CapacityDependentDdlType@44485db)
2025-02-18 03:34:18 - SQL QUERY - o.h.t.d.sql.spi.DdlTypeRegistry - o.h.t.d.s.s.DdlTypeRegistry:64 - addDescriptor(4003, org.hibernate.type.descriptor.sql.internal.DdlTypeImpl@1f6f0fe2) replaced previous registration(org.hibernate.type.descriptor.sql.internal.DdlTypeImpl@22604c7e)
2025-02-18 03:34:18 - SQL QUERY - o.h.t.d.sql.spi.DdlTypeRegistry - o.h.t.d.s.s.DdlTypeRegistry:64 - addDescriptor(4001, org.hibernate.type.descriptor.sql.internal.DdlTypeImpl@4d8f2cfd) replaced previous registration(org.hibernate.type.descriptor.sql.internal.DdlTypeImpl@6d4502ca)
2025-02-18 03:34:18 - SQL QUERY - o.h.t.d.sql.spi.DdlTypeRegistry - o.h.t.d.s.s.DdlTypeRegistry:64 - addDescriptor(4002, org.hibernate.type.descriptor.sql.internal.DdlTypeImpl@ab2009f) replaced previous registration(org.hibernate.type.descriptor.sql.internal.DdlTypeImpl@2a11ae0b)
2025-02-18 03:34:18 - SQL QUERY - o.h.t.d.sql.spi.DdlTypeRegistry - o.h.t.d.s.s.DdlTypeRegistry:64 - addDescriptor(2004, org.hibernate.type.descriptor.sql.internal.CapacityDependentDdlType@1e4d8770) replaced previous registration(org.hibernate.type.descriptor.sql.internal.DdlTypeImpl@5b5b9521)
2025-02-18 03:34:18 - SQL QUERY - o.h.t.d.sql.spi.DdlTypeRegistry - o.h.t.d.s.s.DdlTypeRegistry:64 - addDescriptor(2005, org.hibernate.type.descriptor.sql.internal.CapacityDependentDdlType@41f7c02d) replaced previous registration(org.hibernate.type.descriptor.sql.internal.DdlTypeImpl@66314fee)
2025-02-18 03:34:18 - SQL QUERY - o.h.t.d.sql.spi.DdlTypeRegistry - o.h.t.d.s.s.DdlTypeRegistry:64 - addDescriptor(2011, org.hibernate.type.descriptor.sql.internal.CapacityDependentDdlType@14b5325f) replaced previous registration(org.hibernate.type.descriptor.sql.internal.DdlTypeImpl@13404f75)
2025-02-18 03:34:19 - SQL QUERY - org.hibernate.SQL - o.h.e.j.s.SqlStatementLogger:135 - alter table error_log modify column id INT AUTO_INCREMENT COMMENT 'Unique identifier for each error log entry' not null auto_increment
2025-02-18 03:34:19 - SQL QUERY - org.hibernate.SQL - o.h.e.j.s.SqlStatementLogger:135 - alter table error_log modify column additional_details JSON
2025-02-18 03:34:19 - SQL QUERY - org.hibernate.SQL - o.h.e.j.s.SqlStatementLogger:135 - alter table error_log modify column client_ip VARCHAR(50)
2025-02-18 03:34:19 - SQL QUERY - org.hibernate.SQL - o.h.e.j.s.SqlStatementLogger:135 - alter table error_log modify column error_message TEXT NOT NULL not null
2025-02-18 03:34:19 - SQL QUERY - org.hibernate.SQL - o.h.e.j.s.SqlStatementLogger:135 - alter table error_log modify column source VARCHAR(100)
2025-02-18 03:34:19 - SQL QUERY - org.hibernate.SQL - o.h.e.j.s.SqlStatementLogger:135 - alter table error_log modify column stack_trace TEXT
2025-02-18 06:52:06 - SQL QUERY - o.h.t.d.sql.spi.DdlTypeRegistry - o.h.t.d.s.s.DdlTypeRegistry:64 - addDescriptor(12, org.hibernate.type.descriptor.sql.internal.CapacityDependentDdlType@1f6f0fe2) replaced previous registration(org.hibernate.type.descriptor.sql.internal.CapacityDependentDdlType@22604c7e)
2025-02-18 06:52:06 - SQL QUERY - o.h.t.d.sql.spi.DdlTypeRegistry - o.h.t.d.s.s.DdlTypeRegistry:64 - addDescriptor(-9, org.hibernate.type.descriptor.sql.internal.CapacityDependentDdlType@4d8f2cfd) replaced previous registration(org.hibernate.type.descriptor.sql.internal.CapacityDependentDdlType@6d4502ca)
2025-02-18 06:52:06 - SQL QUERY - o.h.t.d.sql.spi.DdlTypeRegistry - o.h.t.d.s.s.DdlTypeRegistry:64 - addDescriptor(-3, org.hibernate.type.descriptor.sql.internal.CapacityDependentDdlType@ab2009f) replaced previous registration(org.hibernate.type.descriptor.sql.internal.CapacityDependentDdlType@2a11ae0b)
2025-02-18 06:52:06 - SQL QUERY - o.h.t.d.sql.spi.DdlTypeRegistry - o.h.t.d.s.s.DdlTypeRegistry:64 - addDescriptor(4003, org.hibernate.type.descriptor.sql.internal.DdlTypeImpl@1e4d8770) replaced previous registration(org.hibernate.type.descriptor.sql.internal.DdlTypeImpl@5b5b9521)
2025-02-18 06:52:06 - SQL QUERY - o.h.t.d.sql.spi.DdlTypeRegistry - o.h.t.d.s.s.DdlTypeRegistry:64 - addDescriptor(4001, org.hibernate.type.descriptor.sql.internal.DdlTypeImpl@41f7c02d) replaced previous registration(org.hibernate.type.descriptor.sql.internal.DdlTypeImpl@66314fee)
2025-02-18 06:52:06 - SQL QUERY - o.h.t.d.sql.spi.DdlTypeRegistry - o.h.t.d.s.s.DdlTypeRegistry:64 - addDescriptor(4002, org.hibernate.type.descriptor.sql.internal.DdlTypeImpl@14b5325f) replaced previous registration(org.hibernate.type.descriptor.sql.internal.DdlTypeImpl@13404f75)
2025-02-18 06:52:06 - SQL QUERY - o.h.t.d.sql.spi.DdlTypeRegistry - o.h.t.d.s.s.DdlTypeRegistry:64 - addDescriptor(2004, org.hibernate.type.descriptor.sql.internal.CapacityDependentDdlType@6cc90398) replaced previous registration(org.hibernate.type.descriptor.sql.internal.DdlTypeImpl@6b6fd0)
2025-02-18 06:52:06 - SQL QUERY - o.h.t.d.sql.spi.DdlTypeRegistry - o.h.t.d.s.s.DdlTypeRegistry:64 - addDescriptor(2005, org.hibernate.type.descriptor.sql.internal.CapacityDependentDdlType@3d718248) replaced previous registration(org.hibernate.type.descriptor.sql.internal.DdlTypeImpl@2cdb5974)
2025-02-18 06:52:06 - SQL QUERY - o.h.t.d.sql.spi.DdlTypeRegistry - o.h.t.d.s.s.DdlTypeRegistry:64 - addDescriptor(2011, org.hibernate.type.descriptor.sql.internal.CapacityDependentDdlType@8aa5ab4) replaced previous registration(org.hibernate.type.descriptor.sql.internal.DdlTypeImpl@53e4a19e)
2025-02-18 06:52:07 - SQL QUERY - org.hibernate.SQL - o.h.e.j.s.SqlStatementLogger:135 - alter table error_log modify column id INT AUTO_INCREMENT COMMENT 'Unique identifier for each error log entry' not null auto_increment
2025-02-18 06:52:07 - SQL QUERY - org.hibernate.SQL - o.h.e.j.s.SqlStatementLogger:135 - alter table error_log modify column additional_details JSON
2025-02-18 06:52:07 - SQL QUERY - org.hibernate.SQL - o.h.e.j.s.SqlStatementLogger:135 - alter table error_log modify column client_ip VARCHAR(50)
2025-02-18 06:52:07 - SQL QUERY - org.hibernate.SQL - o.h.e.j.s.SqlStatementLogger:135 - alter table error_log modify column error_message TEXT NOT NULL not null
2025-02-18 06:52:07 - SQL QUERY - org.hibernate.SQL - o.h.e.j.s.SqlStatementLogger:135 - alter table error_log modify column source VARCHAR(100)
2025-02-18 06:52:07 - SQL QUERY - org.hibernate.SQL - o.h.e.j.s.SqlStatementLogger:135 - alter table error_log modify column stack_trace TEXT
2025-02-18 06:53:20 - SQL QUERY - org.hibernate.SQL - o.h.e.j.s.SqlStatementLogger:135 - select e1_0.id,e1_0.age,e1_0.birth_date,e1_0.first_name,e1_0.gender,e1_0.last_name,e1_0.position,e1_0.second_last_name,e1_0.status from employees e1_0 where e1_0.status=?
2025-02-18 06:53:20 - SQL QUERY - org.hibernate.SQL - o.h.e.j.s.SqlStatementLogger:135 - insert into event_log (additional_details,client_ip,employee_id,event_timestamp,event_type) values (?,?,?,?,?)
2025-02-18 06:53:26 - SQL QUERY - org.hibernate.SQL - o.h.e.j.s.SqlStatementLogger:135 - select e1_0.id,e1_0.age,e1_0.birth_date,e1_0.first_name,e1_0.gender,e1_0.last_name,e1_0.position,e1_0.second_last_name,e1_0.status from employees e1_0 where e1_0.status=?
2025-02-18 06:53:26 - SQL QUERY - org.hibernate.SQL - o.h.e.j.s.SqlStatementLogger:135 - insert into event_log (additional_details,client_ip,employee_id,event_timestamp,event_type) values (?,?,?,?,?)
2025-02-18 06:56:12 - SQL QUERY - org.hibernate.SQL - o.h.e.j.s.SqlStatementLogger:135 - select e1_0.id,e1_0.age,e1_0.birth_date,e1_0.first_name,e1_0.gender,e1_0.last_name,e1_0.position,e1_0.second_last_name,e1_0.status from employees e1_0
2025-02-18 06:56:12 - SQL QUERY - org.hibernate.SQL - o.h.e.j.s.SqlStatementLogger:135 - insert into event_log (additional_details,client_ip,employee_id,event_timestamp,event_type) values (?,?,?,?,?)
2025-02-18 07:07:26 - SQL QUERY - o.h.t.d.sql.spi.DdlTypeRegistry - o.h.t.d.s.s.DdlTypeRegistry:64 - addDescriptor(12, org.hibernate.type.descriptor.sql.internal.CapacityDependentDdlType@41f7c02d) replaced previous registration(org.hibernate.type.descriptor.sql.internal.CapacityDependentDdlType@66314fee)
2025-02-18 07:07:26 - SQL QUERY - o.h.t.d.sql.spi.DdlTypeRegistry - o.h.t.d.s.s.DdlTypeRegistry:64 - addDescriptor(-9, org.hibernate.type.descriptor.sql.internal.CapacityDependentDdlType@14b5325f) replaced previous registration(org.hibernate.type.descriptor.sql.internal.CapacityDependentDdlType@13404f75)
2025-02-18 07:07:26 - SQL QUERY - o.h.t.d.sql.spi.DdlTypeRegistry - o.h.t.d.s.s.DdlTypeRegistry:64 - addDescriptor(-3, org.hibernate.type.descriptor.sql.internal.CapacityDependentDdlType@6cc90398) replaced previous registration(org.hibernate.type.descriptor.sql.internal.CapacityDependentDdlType@6b6fd0)
2025-02-18 07:07:26 - SQL QUERY - o.h.t.d.sql.spi.DdlTypeRegistry - o.h.t.d.s.s.DdlTypeRegistry:64 - addDescriptor(4003, org.hibernate.type.descriptor.sql.internal.DdlTypeImpl@3d718248) replaced previous registration(org.hibernate.type.descriptor.sql.internal.DdlTypeImpl@2cdb5974)
2025-02-18 07:07:26 - SQL QUERY - o.h.t.d.sql.spi.DdlTypeRegistry - o.h.t.d.s.s.DdlTypeRegistry:64 - addDescriptor(4001, org.hibernate.type.descriptor.sql.internal.DdlTypeImpl@8aa5ab4) replaced previous registration(org.hibernate.type.descriptor.sql.internal.DdlTypeImpl@53e4a19e)
2025-02-18 07:07:26 - SQL QUERY - o.h.t.d.sql.spi.DdlTypeRegistry - o.h.t.d.s.s.DdlTypeRegistry:64 - addDescriptor(4002, org.hibernate.type.descriptor.sql.internal.DdlTypeImpl@62360a68) replaced previous registration(org.hibernate.type.descriptor.sql.internal.DdlTypeImpl@1450ffa3)
2025-02-18 07:07:26 - SQL QUERY - o.h.t.d.sql.spi.DdlTypeRegistry - o.h.t.d.s.s.DdlTypeRegistry:64 - addDescriptor(2004, org.hibernate.type.descriptor.sql.internal.CapacityDependentDdlType@4e756867) replaced previous registration(org.hibernate.type.descriptor.sql.internal.DdlTypeImpl@38ebc866)
2025-02-18 07:07:26 - SQL QUERY - o.h.t.d.sql.spi.DdlTypeRegistry - o.h.t.d.s.s.DdlTypeRegistry:64 - addDescriptor(2005, org.hibernate.type.descriptor.sql.internal.CapacityDependentDdlType@6adcf059) replaced previous registration(org.hibernate.type.descriptor.sql.internal.DdlTypeImpl@7962a746)
2025-02-18 07:07:26 - SQL QUERY - o.h.t.d.sql.spi.DdlTypeRegistry - o.h.t.d.s.s.DdlTypeRegistry:64 - addDescriptor(2011, org.hibernate.type.descriptor.sql.internal.CapacityDependentDdlType@1c31de5d) replaced previous registration(org.hibernate.type.descriptor.sql.internal.DdlTypeImpl@7a7f9d45)
2025-02-18 07:07:27 - SQL QUERY - org.hibernate.SQL - o.h.e.j.s.SqlStatementLogger:135 - alter table error_log modify column id INT AUTO_INCREMENT COMMENT 'Unique identifier for each error log entry' not null auto_increment
2025-02-18 07:07:27 - SQL QUERY - org.hibernate.SQL - o.h.e.j.s.SqlStatementLogger:135 - alter table error_log modify column additional_details JSON
2025-02-18 07:07:27 - SQL QUERY - org.hibernate.SQL - o.h.e.j.s.SqlStatementLogger:135 - alter table error_log modify column client_ip VARCHAR(50)
2025-02-18 07:07:27 - SQL QUERY - org.hibernate.SQL - o.h.e.j.s.SqlStatementLogger:135 - alter table error_log modify column error_message TEXT NOT NULL not null
2025-02-18 07:07:27 - SQL QUERY - org.hibernate.SQL - o.h.e.j.s.SqlStatementLogger:135 - alter table error_log modify column source VARCHAR(100)
2025-02-18 07:07:27 - SQL QUERY - org.hibernate.SQL - o.h.e.j.s.SqlStatementLogger:135 - alter table error_log modify column stack_trace TEXT
2025-02-18 07:09:58 - SQL QUERY - o.h.t.d.sql.spi.DdlTypeRegistry - o.h.t.d.s.s.DdlTypeRegistry:64 - addDescriptor(12, org.hibernate.type.descriptor.sql.internal.CapacityDependentDdlType@6adcf059) replaced previous registration(org.hibernate.type.descriptor.sql.internal.CapacityDependentDdlType@7962a746)
2025-02-18 07:09:58 - SQL QUERY - o.h.t.d.sql.spi.DdlTypeRegistry - o.h.t.d.s.s.DdlTypeRegistry:64 - addDescriptor(-9, org.hibernate.type.descriptor.sql.internal.CapacityDependentDdlType@1c31de5d) replaced previous registration(org.hibernate.type.descriptor.sql.internal.CapacityDependentDdlType@7a7f9d45)
2025-02-18 07:09:58 - SQL QUERY - o.h.t.d.sql.spi.DdlTypeRegistry - o.h.t.d.s.s.DdlTypeRegistry:64 - addDescriptor(-3, org.hibernate.type.descriptor.sql.internal.CapacityDependentDdlType@772cf46b) replaced previous registration(org.hibernate.type.descriptor.sql.internal.CapacityDependentDdlType@1b98355f)
2025-02-18 07:09:58 - SQL QUERY - o.h.t.d.sql.spi.DdlTypeRegistry - o.h.t.d.s.s.DdlTypeRegistry:64 - addDescriptor(4003, org.hibernate.type.descriptor.sql.internal.DdlTypeImpl@949d347) replaced previous registration(org.hibernate.type.descriptor.sql.internal.DdlTypeImpl@f5ae29e)
2025-02-18 07:09:58 - SQL QUERY - o.h.t.d.sql.spi.DdlTypeRegistry - o.h.t.d.s.s.DdlTypeRegistry:64 - addDescriptor(4001, org.hibernate.type.descriptor.sql.internal.DdlTypeImpl@1fc5c0b2) replaced previous registration(org.hibernate.type.descriptor.sql.internal.DdlTypeImpl@45ad3cd8)
2025-02-18 07:09:58 - SQL QUERY - o.h.t.d.sql.spi.DdlTypeRegistry - o.h.t.d.s.s.DdlTypeRegistry:64 - addDescriptor(4002, org.hibernate.type.descriptor.sql.internal.DdlTypeImpl@2b90cc1) replaced previous registration(org.hibernate.type.descriptor.sql.internal.DdlTypeImpl@5a2f401a)
2025-02-18 07:09:58 - SQL QUERY - o.h.t.d.sql.spi.DdlTypeRegistry - o.h.t.d.s.s.DdlTypeRegistry:64 - addDescriptor(2004, org.hibernate.type.descriptor.sql.internal.CapacityDependentDdlType@6bdedbbd) replaced previous registration(org.hibernate.type.descriptor.sql.internal.DdlTypeImpl@47b961e2)
2025-02-18 07:09:58 - SQL QUERY - o.h.t.d.sql.spi.DdlTypeRegistry - o.h.t.d.s.s.DdlTypeRegistry:64 - addDescriptor(2005, org.hibernate.type.descriptor.sql.internal.CapacityDependentDdlType@d2cb2d0) replaced previous registration(org.hibernate.type.descriptor.sql.internal.DdlTypeImpl@2d230cff)
2025-02-18 07:09:58 - SQL QUERY - o.h.t.d.sql.spi.DdlTypeRegistry - o.h.t.d.s.s.DdlTypeRegistry:64 - addDescriptor(2011, org.hibernate.type.descriptor.sql.internal.CapacityDependentDdlType@30bd39d5) replaced previous registration(org.hibernate.type.descriptor.sql.internal.DdlTypeImpl@3c87e851)
2025-02-18 07:09:59 - SQL QUERY - org.hibernate.SQL - o.h.e.j.s.SqlStatementLogger:135 - alter table error_log modify column id INT AUTO_INCREMENT COMMENT 'Unique identifier for each error log entry' not null auto_increment
2025-02-18 07:09:59 - SQL QUERY - org.hibernate.SQL - o.h.e.j.s.SqlStatementLogger:135 - alter table error_log modify column additional_details JSON
2025-02-18 07:09:59 - SQL QUERY - org.hibernate.SQL - o.h.e.j.s.SqlStatementLogger:135 - alter table error_log modify column client_ip VARCHAR(50)
2025-02-18 07:09:59 - SQL QUERY - org.hibernate.SQL - o.h.e.j.s.SqlStatementLogger:135 - alter table error_log modify column error_message TEXT NOT NULL not null
2025-02-18 07:09:59 - SQL QUERY - org.hibernate.SQL - o.h.e.j.s.SqlStatementLogger:135 - alter table error_log modify column source VARCHAR(100)
2025-02-18 07:09:59 - SQL QUERY - org.hibernate.SQL - o.h.e.j.s.SqlStatementLogger:135 - alter table error_log modify column stack_trace TEXT
2025-02-18 07:10:40 - SQL QUERY - org.hibernate.SQL - o.h.e.j.s.SqlStatementLogger:135 - insert into employees (age,birth_date,first_name,gender,last_name,position,second_last_name,status) values (?,?,?,?,?,?,?,?)
2025-02-18 07:10:40 - SQL QUERY - org.hibernate.SQL - o.h.e.j.s.SqlStatementLogger:135 - insert into employees (age,birth_date,first_name,gender,last_name,position,second_last_name,status) values (?,?,?,?,?,?,?,?)
2025-02-18 07:10:40 - SQL QUERY - org.hibernate.SQL - o.h.e.j.s.SqlStatementLogger:135 - insert into event_log (additional_details,client_ip,employee_id,event_timestamp,event_type) values (?,?,?,?,?)
2025-02-18 07:13:25 - SQL QUERY - org.hibernate.SQL - o.h.e.j.s.SqlStatementLogger:135 - insert into employees (age,birth_date,first_name,gender,last_name,position,second_last_name,status) values (?,?,?,?,?,?,?,?)
2025-02-18 07:13:25 - SQL QUERY - org.hibernate.SQL - o.h.e.j.s.SqlStatementLogger:135 - insert into employees (age,birth_date,first_name,gender,last_name,position,second_last_name,status) values (?,?,?,?,?,?,?,?)
2025-02-18 07:13:25 - SQL QUERY - org.hibernate.SQL - o.h.e.j.s.SqlStatementLogger:135 - insert into event_log (additional_details,client_ip,employee_id,event_timestamp,event_type) values (?,?,?,?,?)
2025-02-18 07:15:07 - SQL QUERY - org.hibernate.SQL - o.h.e.j.s.SqlStatementLogger:135 - insert into employees (age,birth_date,first_name,gender,last_name,position,second_last_name,status) values (?,?,?,?,?,?,?,?)
2025-02-18 07:15:07 - SQL QUERY - org.hibernate.SQL - o.h.e.j.s.SqlStatementLogger:135 - insert into employees (age,birth_date,first_name,gender,last_name,position,second_last_name,status) values (?,?,?,?,?,?,?,?)
2025-02-18 07:15:07 - SQL QUERY - org.hibernate.SQL - o.h.e.j.s.SqlStatementLogger:135 - insert into event_log (additional_details,client_ip,employee_id,event_timestamp,event_type) values (?,?,?,?,?)
2025-02-18 07:17:54 - SQL QUERY - org.hibernate.SQL - o.h.e.j.s.SqlStatementLogger:135 - insert into employees (age,birth_date,first_name,gender,last_name,position,second_last_name,status) values (?,?,?,?,?,?,?,?)
2025-02-18 07:17:54 - SQL QUERY - org.hibernate.SQL - o.h.e.j.s.SqlStatementLogger:135 - insert into event_log (additional_details,client_ip,employee_id,event_timestamp,event_type) values (?,?,?,?,?)
2025-02-18 07:19:55 - SQL QUERY - org.hibernate.SQL - o.h.e.j.s.SqlStatementLogger:135 - select e1_0.id,e1_0.age,e1_0.birth_date,e1_0.first_name,e1_0.gender,e1_0.last_name,e1_0.position,e1_0.second_last_name,e1_0.status from employees e1_0 where e1_0.id=?
2025-02-18 07:19:55 - SQL QUERY - org.hibernate.SQL - o.h.e.j.s.SqlStatementLogger:135 - insert into error_log (additional_details,client_ip,employee_id,error_message,error_timestamp,event_type,source,stack_trace) values (?,?,?,?,?,?,?,?)
2025-02-18 07:20:56 - SQL QUERY - org.hibernate.SQL - o.h.e.j.s.SqlStatementLogger:135 - select e1_0.id,e1_0.age,e1_0.birth_date,e1_0.first_name,e1_0.gender,e1_0.last_name,e1_0.position,e1_0.second_last_name,e1_0.status from employees e1_0 where e1_0.id=?
2025-02-18 07:20:56 - SQL QUERY - org.hibernate.SQL - o.h.e.j.s.SqlStatementLogger:135 - insert into event_log (additional_details,client_ip,employee_id,event_timestamp,event_type) values (?,?,?,?,?)
2025-02-18 07:23:25 - SQL QUERY - org.hibernate.SQL - o.h.e.j.s.SqlStatementLogger:135 - select e1_0.id,e1_0.age,e1_0.birth_date,e1_0.first_name,e1_0.gender,e1_0.last_name,e1_0.position,e1_0.second_last_name,e1_0.status from employees e1_0 where e1_0.id=?
2025-02-18 07:23:46 - SQL QUERY - org.hibernate.SQL - o.h.e.j.s.SqlStatementLogger:135 - select e1_0.id,e1_0.age,e1_0.birth_date,e1_0.first_name,e1_0.gender,e1_0.last_name,e1_0.position,e1_0.second_last_name,e1_0.status from employees e1_0 where e1_0.id=?
2025-02-18 07:23:48 - SQL QUERY - org.hibernate.SQL - o.h.e.j.s.SqlStatementLogger:135 - select e1_0.id,e1_0.age,e1_0.birth_date,e1_0.first_name,e1_0.gender,e1_0.last_name,e1_0.position,e1_0.second_last_name,e1_0.status from employees e1_0 where e1_0.id=?
2025-02-18 07:23:48 - SQL QUERY - org.hibernate.SQL - o.h.e.j.s.SqlStatementLogger:135 - update employees set age=?,birth_date=?,first_name=?,gender=?,last_name=?,position=?,second_last_name=?,status=? where id=?
2025-02-18 07:23:48 - SQL QUERY - org.hibernate.SQL - o.h.e.j.s.SqlStatementLogger:135 - insert into event_log (additional_details,client_ip,employee_id,event_timestamp,event_type) values (?,?,?,?,?)
2025-02-18 07:32:31 - SQL QUERY - org.hibernate.SQL - o.h.e.j.s.SqlStatementLogger:135 - select e1_0.id,e1_0.age,e1_0.birth_date,e1_0.first_name,e1_0.gender,e1_0.last_name,e1_0.position,e1_0.second_last_name,e1_0.status from employees e1_0 where e1_0.id=?
2025-02-18 07:33:32 - SQL QUERY - org.hibernate.SQL - o.h.e.j.s.SqlStatementLogger:135 - select e1_0.id,e1_0.age,e1_0.birth_date,e1_0.first_name,e1_0.gender,e1_0.last_name,e1_0.position,e1_0.second_last_name,e1_0.status from employees e1_0 where e1_0.id=?
2025-02-18 07:33:43 - SQL QUERY - org.hibernate.SQL - o.h.e.j.s.SqlStatementLogger:135 - select e1_0.id,e1_0.age,e1_0.birth_date,e1_0.first_name,e1_0.gender,e1_0.last_name,e1_0.position,e1_0.second_last_name,e1_0.status from employees e1_0 where e1_0.id=?
2025-02-18 07:33:46 - SQL QUERY - org.hibernate.SQL - o.h.e.j.s.SqlStatementLogger:135 - select e1_0.id,e1_0.age,e1_0.birth_date,e1_0.first_name,e1_0.gender,e1_0.last_name,e1_0.position,e1_0.second_last_name,e1_0.status from employees e1_0 where e1_0.id=?
2025-02-18 07:33:49 - SQL QUERY - org.hibernate.SQL - o.h.e.j.s.SqlStatementLogger:135 - select e1_0.id,e1_0.age,e1_0.birth_date,e1_0.first_name,e1_0.gender,e1_0.last_name,e1_0.position,e1_0.second_last_name,e1_0.status from employees e1_0 where e1_0.id=?
2025-02-18 07:33:49 - SQL QUERY - org.hibernate.SQL - o.h.e.j.s.SqlStatementLogger:135 - update employees set age=?,birth_date=?,first_name=?,gender=?,last_name=?,position=?,second_last_name=?,status=? where id=?
2025-02-18 07:33:49 - SQL QUERY - org.hibernate.SQL - o.h.e.j.s.SqlStatementLogger:135 - insert into event_log (additional_details,client_ip,employee_id,event_timestamp,event_type) values (?,?,?,?,?)
2025-02-18 07:45:47 - SQL QUERY - org.hibernate.SQL - o.h.e.j.s.SqlStatementLogger:135 - select e1_0.id,e1_0.age,e1_0.birth_date,e1_0.first_name,e1_0.gender,e1_0.last_name,e1_0.position,e1_0.second_last_name,e1_0.status from employees e1_0 where e1_0.status=?
2025-02-18 07:45:47 - SQL QUERY - org.hibernate.SQL - o.h.e.j.s.SqlStatementLogger:135 - insert into event_log (additional_details,client_ip,employee_id,event_timestamp,event_type) values (?,?,?,?,?)
2025-02-18 09:39:26 - SQL QUERY - o.h.t.d.sql.spi.DdlTypeRegistry - o.h.t.d.s.s.DdlTypeRegistry:64 - addDescriptor(12, org.hibernate.type.descriptor.sql.internal.CapacityDependentDdlType@5534e6f1) replaced previous registration(org.hibernate.type.descriptor.sql.internal.CapacityDependentDdlType@4c6fc3e7)
2025-02-18 09:39:26 - SQL QUERY - o.h.t.d.sql.spi.DdlTypeRegistry - o.h.t.d.s.s.DdlTypeRegistry:64 - addDescriptor(-9, org.hibernate.type.descriptor.sql.internal.CapacityDependentDdlType@aa8dce8) replaced previous registration(org.hibernate.type.descriptor.sql.internal.CapacityDependentDdlType@6ad112de)
2025-02-18 09:39:26 - SQL QUERY - o.h.t.d.sql.spi.DdlTypeRegistry - o.h.t.d.s.s.DdlTypeRegistry:64 - addDescriptor(-3, org.hibernate.type.descriptor.sql.internal.CapacityDependentDdlType@18a0721b) replaced previous registration(org.hibernate.type.descriptor.sql.internal.CapacityDependentDdlType@2ae2fa13)
2025-02-18 09:39:26 - SQL QUERY - o.h.t.d.sql.spi.DdlTypeRegistry - o.h.t.d.s.s.DdlTypeRegistry:64 - addDescriptor(4003, org.hibernate.type.descriptor.sql.internal.DdlTypeImpl@66e12c3b) replaced previous registration(org.hibernate.type.descriptor.sql.internal.DdlTypeImpl@44485db)
2025-02-18 09:39:26 - SQL QUERY - o.h.t.d.sql.spi.DdlTypeRegistry - o.h.t.d.s.s.DdlTypeRegistry:64 - addDescriptor(4001, org.hibernate.type.descriptor.sql.internal.DdlTypeImpl@1f6f0fe2) replaced previous registration(org.hibernate.type.descriptor.sql.internal.DdlTypeImpl@22604c7e)
2025-02-18 09:39:26 - SQL QUERY - o.h.t.d.sql.spi.DdlTypeRegistry - o.h.t.d.s.s.DdlTypeRegistry:64 - addDescriptor(4002, org.hibernate.type.descriptor.sql.internal.DdlTypeImpl@4d8f2cfd) replaced previous registration(org.hibernate.type.descriptor.sql.internal.DdlTypeImpl@6d4502ca)
2025-02-18 09:39:26 - SQL QUERY - o.h.t.d.sql.spi.DdlTypeRegistry - o.h.t.d.s.s.DdlTypeRegistry:64 - addDescriptor(2004, org.hibernate.type.descriptor.sql.internal.CapacityDependentDdlType@ab2009f) replaced previous registration(org.hibernate.type.descriptor.sql.internal.DdlTypeImpl@2a11ae0b)
2025-02-18 09:39:26 - SQL QUERY - o.h.t.d.sql.spi.DdlTypeRegistry - o.h.t.d.s.s.DdlTypeRegistry:64 - addDescriptor(2005, org.hibernate.type.descriptor.sql.internal.CapacityDependentDdlType@1e4d8770) replaced previous registration(org.hibernate.type.descriptor.sql.internal.DdlTypeImpl@5b5b9521)
2025-02-18 09:39:26 - SQL QUERY - o.h.t.d.sql.spi.DdlTypeRegistry - o.h.t.d.s.s.DdlTypeRegistry:64 - addDescriptor(2011, org.hibernate.type.descriptor.sql.internal.CapacityDependentDdlType@41f7c02d) replaced previous registration(org.hibernate.type.descriptor.sql.internal.DdlTypeImpl@66314fee)
2025-02-18 09:39:27 - SQL QUERY - org.hibernate.SQL - o.h.e.j.s.SqlStatementLogger:135 - alter table error_log modify column id INT AUTO_INCREMENT COMMENT 'Unique identifier for each error log entry' not null auto_increment
2025-02-18 09:39:27 - SQL QUERY - org.hibernate.SQL - o.h.e.j.s.SqlStatementLogger:135 - alter table error_log modify column additional_details JSON
2025-02-18 09:39:27 - SQL QUERY - org.hibernate.SQL - o.h.e.j.s.SqlStatementLogger:135 - alter table error_log modify column client_ip VARCHAR(50)
2025-02-18 09:39:27 - SQL QUERY - org.hibernate.SQL - o.h.e.j.s.SqlStatementLogger:135 - alter table error_log modify column error_message TEXT NOT NULL not null
2025-02-18 09:39:27 - SQL QUERY - org.hibernate.SQL - o.h.e.j.s.SqlStatementLogger:135 - alter table error_log modify column source VARCHAR(100)
2025-02-18 09:39:27 - SQL QUERY - org.hibernate.SQL - o.h.e.j.s.SqlStatementLogger:135 - alter table error_log modify column stack_trace TEXT
2025-02-18 09:39:28 - SQL QUERY - org.hibernate.SQL - o.h.e.j.s.SqlStatementLogger:135 - alter table event_log modify column additional_details varchar(255)
2025-02-18 09:40:07 - SQL QUERY - org.hibernate.SQL - o.h.e.j.s.SqlStatementLogger:135 - select e1_0.id,e1_0.age,e1_0.birth_date,e1_0.first_name,e1_0.gender,e1_0.last_name,e1_0.position,e1_0.second_last_name,e1_0.status from employees e1_0 where e1_0.status=?
2025-02-18 09:40:07 - SQL QUERY - org.hibernate.SQL - o.h.e.j.s.SqlStatementLogger:135 - insert into event_log (additional_details,client_ip,employee_id,event_timestamp,event_type) values (?,?,?,?,?)
2025-02-18 09:49:59 - SQL QUERY - org.hibernate.SQL - o.h.e.j.s.SqlStatementLogger:135 - select e1_0.id,e1_0.age,e1_0.birth_date,e1_0.first_name,e1_0.gender,e1_0.last_name,e1_0.position,e1_0.second_last_name,e1_0.status from employees e1_0
2025-02-18 09:49:59 - SQL QUERY - org.hibernate.SQL - o.h.e.j.s.SqlStatementLogger:135 - insert into event_log (additional_details,client_ip,employee_id,event_timestamp,event_type) values (?,?,?,?,?)
2025-02-18 10:01:10 - SQL QUERY - org.hibernate.SQL - o.h.e.j.s.SqlStatementLogger:135 - select e1_0.id,e1_0.age,e1_0.birth_date,e1_0.first_name,e1_0.gender,e1_0.last_name,e1_0.position,e1_0.second_last_name,e1_0.status from employees e1_0
2025-02-18 10:01:10 - SQL QUERY - org.hibernate.SQL - o.h.e.j.s.SqlStatementLogger:135 - insert into event_log (additional_details,client_ip,employee_id,event_timestamp,event_type) values (?,?,?,?,?)
2025-02-18 10:13:21 - SQL QUERY - org.hibernate.SQL - o.h.e.j.s.SqlStatementLogger:135 - insert into employees (age,birth_date,first_name,gender,last_name,position,second_last_name,status) values (?,?,?,?,?,?,?,?)
2025-02-18 10:13:21 - SQL QUERY - org.hibernate.SQL - o.h.e.j.s.SqlStatementLogger:135 - insert into event_log (additional_details,client_ip,employee_id,event_timestamp,event_type) values (?,?,?,?,?)
2025-02-18 10:18:05 - SQL QUERY - o.h.t.d.sql.spi.DdlTypeRegistry - o.h.t.d.s.s.DdlTypeRegistry:64 - addDescriptor(12, org.hibernate.type.descriptor.sql.internal.CapacityDependentDdlType@4a0c3aa8) replaced previous registration(org.hibernate.type.descriptor.sql.internal.CapacityDependentDdlType@3534651a)
2025-02-18 10:18:05 - SQL QUERY - o.h.t.d.sql.spi.DdlTypeRegistry - o.h.t.d.s.s.DdlTypeRegistry:64 - addDescriptor(-9, org.hibernate.type.descriptor.sql.internal.CapacityDependentDdlType@2d593b56) replaced previous registration(org.hibernate.type.descriptor.sql.internal.CapacityDependentDdlType@26a33cf)
2025-02-18 10:18:05 - SQL QUERY - o.h.t.d.sql.spi.DdlTypeRegistry - o.h.t.d.s.s.DdlTypeRegistry:64 - addDescriptor(-3, org.hibernate.type.descriptor.sql.internal.CapacityDependentDdlType@29188050) replaced previous registration(org.hibernate.type.descriptor.sql.internal.CapacityDependentDdlType@3f122cdc)
2025-02-18 10:18:05 - SQL QUERY - o.h.t.d.sql.spi.DdlTypeRegistry - o.h.t.d.s.s.DdlTypeRegistry:64 - addDescriptor(4003, org.hibernate.type.descriptor.sql.internal.DdlTypeImpl@5bf523e3) replaced previous registration(org.hibernate.type.descriptor.sql.internal.DdlTypeImpl@8d29719)
2025-02-18 10:18:05 - SQL QUERY - o.h.t.d.sql.spi.DdlTypeRegistry - o.h.t.d.s.s.DdlTypeRegistry:64 - addDescriptor(4001, org.hibernate.type.descriptor.sql.internal.DdlTypeImpl@65259c53) replaced previous registration(org.hibernate.type.descriptor.sql.internal.DdlTypeImpl@4bff28e7)
2025-02-18 10:18:05 - SQL QUERY - o.h.t.d.sql.spi.DdlTypeRegistry - o.h.t.d.s.s.DdlTypeRegistry:64 - addDescriptor(4002, org.hibernate.type.descriptor.sql.internal.DdlTypeImpl@39e7e040) replaced previous registration(org.hibernate.type.descriptor.sql.internal.DdlTypeImpl@2591d23a)
2025-02-18 10:18:05 - SQL QUERY - o.h.t.d.sql.spi.DdlTypeRegistry - o.h.t.d.s.s.DdlTypeRegistry:64 - addDescriptor(2004, org.hibernate.type.descriptor.sql.internal.CapacityDependentDdlType@6c1f15df) replaced previous registration(org.hibernate.type.descriptor.sql.internal.DdlTypeImpl@5e95b0ab)
2025-02-18 10:18:05 - SQL QUERY - o.h.t.d.sql.spi.DdlTypeRegistry - o.h.t.d.s.s.DdlTypeRegistry:64 - addDescriptor(2005, org.hibernate.type.descriptor.sql.internal.CapacityDependentDdlType@5876bed9) replaced previous registration(org.hibernate.type.descriptor.sql.internal.DdlTypeImpl@73ddb7ef)
2025-02-18 10:18:05 - SQL QUERY - o.h.t.d.sql.spi.DdlTypeRegistry - o.h.t.d.s.s.DdlTypeRegistry:64 - addDescriptor(2011, org.hibernate.type.descriptor.sql.internal.CapacityDependentDdlType@67f8f5a6) replaced previous registration(org.hibernate.type.descriptor.sql.internal.DdlTypeImpl@141b011a)
2025-02-18 10:18:06 - SQL QUERY - org.hibernate.SQL - o.h.e.j.s.SqlStatementLogger:135 - alter table error_log modify column id INT AUTO_INCREMENT COMMENT 'Unique identifier for each error log entry' not null auto_increment
2025-02-18 10:18:06 - SQL QUERY - org.hibernate.SQL - o.h.e.j.s.SqlStatementLogger:135 - alter table error_log modify column additional_details JSON
2025-02-18 10:18:06 - SQL QUERY - org.hibernate.SQL - o.h.e.j.s.SqlStatementLogger:135 - alter table error_log modify column client_ip VARCHAR(50)
2025-02-18 10:18:06 - SQL QUERY - org.hibernate.SQL - o.h.e.j.s.SqlStatementLogger:135 - alter table error_log modify column error_message TEXT NOT NULL not null
2025-02-18 10:18:06 - SQL QUERY - org.hibernate.SQL - o.h.e.j.s.SqlStatementLogger:135 - alter table error_log modify column source VARCHAR(100)
2025-02-18 10:18:06 - SQL QUERY - org.hibernate.SQL - o.h.e.j.s.SqlStatementLogger:135 - alter table error_log modify column stack_trace TEXT
2025-02-18 10:18:06 - SQL QUERY - org.hibernate.SQL - o.h.e.j.s.SqlStatementLogger:135 - alter table event_log modify column additional_details varchar(255)
2025-02-18 10:29:11 - SQL QUERY - o.h.t.d.sql.spi.DdlTypeRegistry - o.h.t.d.s.s.DdlTypeRegistry:64 - addDescriptor(12, org.hibernate.type.descriptor.sql.internal.CapacityDependentDdlType@1f6f0fe2) replaced previous registration(org.hibernate.type.descriptor.sql.internal.CapacityDependentDdlType@22604c7e)
2025-02-18 10:29:11 - SQL QUERY - o.h.t.d.sql.spi.DdlTypeRegistry - o.h.t.d.s.s.DdlTypeRegistry:64 - addDescriptor(-9, org.hibernate.type.descriptor.sql.internal.CapacityDependentDdlType@4d8f2cfd) replaced previous registration(org.hibernate.type.descriptor.sql.internal.CapacityDependentDdlType@6d4502ca)
2025-02-18 10:29:11 - SQL QUERY - o.h.t.d.sql.spi.DdlTypeRegistry - o.h.t.d.s.s.DdlTypeRegistry:64 - addDescriptor(-3, org.hibernate.type.descriptor.sql.internal.CapacityDependentDdlType@ab2009f) replaced previous registration(org.hibernate.type.descriptor.sql.internal.CapacityDependentDdlType@2a11ae0b)
2025-02-18 10:29:11 - SQL QUERY - o.h.t.d.sql.spi.DdlTypeRegistry - o.h.t.d.s.s.DdlTypeRegistry:64 - addDescriptor(4003, org.hibernate.type.descriptor.sql.internal.DdlTypeImpl@1e4d8770) replaced previous registration(org.hibernate.type.descriptor.sql.internal.DdlTypeImpl@5b5b9521)
2025-02-18 10:29:11 - SQL QUERY - o.h.t.d.sql.spi.DdlTypeRegistry - o.h.t.d.s.s.DdlTypeRegistry:64 - addDescriptor(4001, org.hibernate.type.descriptor.sql.internal.DdlTypeImpl@41f7c02d) replaced previous registration(org.hibernate.type.descriptor.sql.internal.DdlTypeImpl@66314fee)
2025-02-18 10:29:11 - SQL QUERY - o.h.t.d.sql.spi.DdlTypeRegistry - o.h.t.d.s.s.DdlTypeRegistry:64 - addDescriptor(4002, org.hibernate.type.descriptor.sql.internal.DdlTypeImpl@14b5325f) replaced previous registration(org.hibernate.type.descriptor.sql.internal.DdlTypeImpl@13404f75)
2025-02-18 10:29:11 - SQL QUERY - o.h.t.d.sql.spi.DdlTypeRegistry - o.h.t.d.s.s.DdlTypeRegistry:64 - addDescriptor(2004, org.hibernate.type.descriptor.sql.internal.CapacityDependentDdlType@6cc90398) replaced previous registration(org.hibernate.type.descriptor.sql.internal.DdlTypeImpl@6b6fd0)
2025-02-18 10:29:11 - SQL QUERY - o.h.t.d.sql.spi.DdlTypeRegistry - o.h.t.d.s.s.DdlTypeRegistry:64 - addDescriptor(2005, org.hibernate.type.descriptor.sql.internal.CapacityDependentDdlType@3d718248) replaced previous registration(org.hibernate.type.descriptor.sql.internal.DdlTypeImpl@2cdb5974)
2025-02-18 10:29:11 - SQL QUERY - o.h.t.d.sql.spi.DdlTypeRegistry - o.h.t.d.s.s.DdlTypeRegistry:64 - addDescriptor(2011, org.hibernate.type.descriptor.sql.internal.CapacityDependentDdlType@8aa5ab4) replaced previous registration(org.hibernate.type.descriptor.sql.internal.DdlTypeImpl@53e4a19e)
2025-02-18 10:29:12 - SQL QUERY - org.hibernate.SQL - o.h.e.j.s.SqlStatementLogger:135 - alter table error_log modify column id INT AUTO_INCREMENT COMMENT 'Unique identifier for each error log entry' not null auto_increment
2025-02-18 10:29:12 - SQL QUERY - org.hibernate.SQL - o.h.e.j.s.SqlStatementLogger:135 - alter table error_log modify column additional_details JSON
2025-02-18 10:29:12 - SQL QUERY - org.hibernate.SQL - o.h.e.j.s.SqlStatementLogger:135 - alter table error_log modify column client_ip VARCHAR(50)
2025-02-18 10:29:12 - SQL QUERY - org.hibernate.SQL - o.h.e.j.s.SqlStatementLogger:135 - alter table error_log modify column error_message TEXT NOT NULL not null
2025-02-18 10:29:12 - SQL QUERY - org.hibernate.SQL - o.h.e.j.s.SqlStatementLogger:135 - alter table error_log modify column source VARCHAR(100)
2025-02-18 10:29:12 - SQL QUERY - org.hibernate.SQL - o.h.e.j.s.SqlStatementLogger:135 - alter table error_log modify column stack_trace TEXT
2025-02-18 10:29:30 - SQL QUERY - org.hibernate.SQL - o.h.e.j.s.SqlStatementLogger:135 - insert into error_log (additional_details,client_ip,employee_id,error_message,error_timestamp,event_type,source,stack_trace) values (?,?,?,?,?,?,?,?)
2025-02-18 10:36:36 - SQL QUERY - org.hibernate.SQL - o.h.e.j.s.SqlStatementLogger:135 - insert into employees (age,birth_date,first_name,gender,last_name,position,second_last_name,status) values (?,?,?,?,?,?,?,?)
2025-02-18 10:36:36 - SQL QUERY - org.hibernate.SQL - o.h.e.j.s.SqlStatementLogger:135 - insert into event_log (additional_details,client_ip,employee_id,event_timestamp,event_type) values (?,?,?,?,?)
2025-02-18 10:39:59 - SQL QUERY - org.hibernate.SQL - o.h.e.j.s.SqlStatementLogger:135 - insert into employees (age,birth_date,first_name,gender,last_name,position,second_last_name,status) values (?,?,?,?,?,?,?,?)
2025-02-18 10:39:59 - SQL QUERY - org.hibernate.SQL - o.h.e.j.s.SqlStatementLogger:135 - insert into event_log (additional_details,client_ip,employee_id,event_timestamp,event_type) values (?,?,?,?,?)
2025-02-18 10:48:28 - SQL QUERY - org.hibernate.SQL - o.h.e.j.s.SqlStatementLogger:135 - select e1_0.id,e1_0.age,e1_0.birth_date,e1_0.first_name,e1_0.gender,e1_0.last_name,e1_0.position,e1_0.second_last_name,e1_0.status from employees e1_0 where e1_0.id=?
2025-02-18 10:48:28 - SQL QUERY - org.hibernate.SQL - o.h.e.j.s.SqlStatementLogger:135 - insert into event_log (additional_details,client_ip,employee_id,event_timestamp,event_type) values (?,?,?,?,?)
2025-02-18 10:52:59 - SQL QUERY - org.hibernate.SQL - o.h.e.j.s.SqlStatementLogger:135 - select e1_0.id,e1_0.age,e1_0.birth_date,e1_0.first_name,e1_0.gender,e1_0.last_name,e1_0.position,e1_0.second_last_name,e1_0.status from employees e1_0 where e1_0.id=?
2025-02-18 10:52:59 - SQL QUERY - org.hibernate.SQL - o.h.e.j.s.SqlStatementLogger:135 - insert into error_log (additional_details,client_ip,employee_id,error_message,error_timestamp,event_type,source,stack_trace) values (?,?,?,?,?,?,?,?)
2025-02-18 10:59:54 - SQL QUERY - org.hibernate.SQL - o.h.e.j.s.SqlStatementLogger:135 - select e1_0.id,e1_0.age,e1_0.birth_date,e1_0.first_name,e1_0.gender,e1_0.last_name,e1_0.position,e1_0.second_last_name,e1_0.status from employees e1_0 where e1_0.id=?
2025-02-18 10:59:54 - SQL QUERY - org.hibernate.SQL - o.h.e.j.s.SqlStatementLogger:135 - update employees set age=?,birth_date=?,first_name=?,gender=?,last_name=?,position=?,second_last_name=?,status=? where id=?
2025-02-18 10:59:54 - SQL QUERY - org.hibernate.SQL - o.h.e.j.s.SqlStatementLogger:135 - insert into event_log (additional_details,client_ip,employee_id,event_timestamp,event_type) values (?,?,?,?,?)
2025-02-18 11:06:19 - SQL QUERY - org.hibernate.SQL - o.h.e.j.s.SqlStatementLogger:135 - select e1_0.id,e1_0.age,e1_0.birth_date,e1_0.first_name,e1_0.gender,e1_0.last_name,e1_0.position,e1_0.second_last_name,e1_0.status from employees e1_0 where e1_0.id=?
2025-02-18 11:11:54 - SQL QUERY - o.h.t.d.sql.spi.DdlTypeRegistry - o.h.t.d.s.s.DdlTypeRegistry:64 - addDescriptor(12, org.hibernate.type.descriptor.sql.internal.CapacityDependentDdlType@2a11ae0b) replaced previous registration(org.hibernate.type.descriptor.sql.internal.CapacityDependentDdlType@1e4d8770)
2025-02-18 11:11:54 - SQL QUERY - o.h.t.d.sql.spi.DdlTypeRegistry - o.h.t.d.s.s.DdlTypeRegistry:64 - addDescriptor(-9, org.hibernate.type.descriptor.sql.internal.CapacityDependentDdlType@5b5b9521) replaced previous registration(org.hibernate.type.descriptor.sql.internal.CapacityDependentDdlType@41f7c02d)
2025-02-18 11:11:54 - SQL QUERY - o.h.t.d.sql.spi.DdlTypeRegistry - o.h.t.d.s.s.DdlTypeRegistry:64 - addDescriptor(-3, org.hibernate.type.descriptor.sql.internal.CapacityDependentDdlType@66314fee) replaced previous registration(org.hibernate.type.descriptor.sql.internal.CapacityDependentDdlType@14b5325f)
2025-02-18 11:11:54 - SQL QUERY - o.h.t.d.sql.spi.DdlTypeRegistry - o.h.t.d.s.s.DdlTypeRegistry:64 - addDescriptor(4003, org.hibernate.type.descriptor.sql.internal.DdlTypeImpl@13404f75) replaced previous registration(org.hibernate.type.descriptor.sql.internal.DdlTypeImpl@6cc90398)
2025-02-18 11:11:54 - SQL QUERY - o.h.t.d.sql.spi.DdlTypeRegistry - o.h.t.d.s.s.DdlTypeRegistry:64 - addDescriptor(4001, org.hibernate.type.descriptor.sql.internal.DdlTypeImpl@6b6fd0) replaced previous registration(org.hibernate.type.descriptor.sql.internal.DdlTypeImpl@3d718248)
2025-02-18 11:11:54 - SQL QUERY - o.h.t.d.sql.spi.DdlTypeRegistry - o.h.t.d.s.s.DdlTypeRegistry:64 - addDescriptor(4002, org.hibernate.type.descriptor.sql.internal.DdlTypeImpl@2cdb5974) replaced previous registration(org.hibernate.type.descriptor.sql.internal.DdlTypeImpl@8aa5ab4)
2025-02-18 11:11:54 - SQL QUERY - o.h.t.d.sql.spi.DdlTypeRegistry - o.h.t.d.s.s.DdlTypeRegistry:64 - addDescriptor(2004, org.hibernate.type.descriptor.sql.internal.CapacityDependentDdlType@53e4a19e) replaced previous registration(org.hibernate.type.descriptor.sql.internal.DdlTypeImpl@62360a68)
2025-02-18 11:11:54 - SQL QUERY - o.h.t.d.sql.spi.DdlTypeRegistry - o.h.t.d.s.s.DdlTypeRegistry:64 - addDescriptor(2005, org.hibernate.type.descriptor.sql.internal.CapacityDependentDdlType@1450ffa3) replaced previous registration(org.hibernate.type.descriptor.sql.internal.DdlTypeImpl@4e756867)
2025-02-18 11:11:54 - SQL QUERY - o.h.t.d.sql.spi.DdlTypeRegistry - o.h.t.d.s.s.DdlTypeRegistry:64 - addDescriptor(2011, org.hibernate.type.descriptor.sql.internal.CapacityDependentDdlType@38ebc866) replaced previous registration(org.hibernate.type.descriptor.sql.internal.DdlTypeImpl@6adcf059)
2025-02-18 11:11:55 - SQL QUERY - org.hibernate.SQL - o.h.e.j.s.SqlStatementLogger:135 - alter table error_log modify column id INT AUTO_INCREMENT COMMENT 'Unique identifier for each error log entry' not null auto_increment
2025-02-18 11:11:55 - SQL QUERY - org.hibernate.SQL - o.h.e.j.s.SqlStatementLogger:135 - alter table error_log modify column additional_details JSON
2025-02-18 11:11:55 - SQL QUERY - org.hibernate.SQL - o.h.e.j.s.SqlStatementLogger:135 - alter table error_log modify column client_ip VARCHAR(50)
2025-02-18 11:11:55 - SQL QUERY - org.hibernate.SQL - o.h.e.j.s.SqlStatementLogger:135 - alter table error_log modify column error_message TEXT NOT NULL not null
2025-02-18 11:11:55 - SQL QUERY - org.hibernate.SQL - o.h.e.j.s.SqlStatementLogger:135 - alter table error_log modify column source VARCHAR(100)
2025-02-18 11:11:55 - SQL QUERY - org.hibernate.SQL - o.h.e.j.s.SqlStatementLogger:135 - alter table error_log modify column stack_trace TEXT
2025-02-18 11:12:37 - SQL QUERY - org.hibernate.SQL - o.h.e.j.s.SqlStatementLogger:135 - select e1_0.id,e1_0.age,e1_0.birth_date,e1_0.first_name,e1_0.gender,e1_0.last_name,e1_0.position,e1_0.second_last_name,e1_0.status from employees e1_0 where e1_0.id=?
2025-02-18 11:12:37 - SQL QUERY - org.hibernate.SQL - o.h.e.j.s.SqlStatementLogger:135 - insert into error_log (additional_details,client_ip,employee_id,error_message,error_timestamp,event_type,source,stack_trace) values (?,?,?,?,?,?,?,?)
2025-02-18 11:24:00 - SQL QUERY - org.hibernate.SQL - o.h.e.j.s.SqlStatementLogger:135 - select e1_0.id,e1_0.age,e1_0.birth_date,e1_0.first_name,e1_0.gender,e1_0.last_name,e1_0.position,e1_0.second_last_name,e1_0.status from employees e1_0 where e1_0.id=?
2025-02-18 11:24:00 - SQL QUERY - org.hibernate.SQL - o.h.e.j.s.SqlStatementLogger:135 - update employees set age=?,birth_date=?,first_name=?,gender=?,last_name=?,position=?,second_last_name=?,status=? where id=?
2025-02-18 11:24:00 - SQL QUERY - org.hibernate.SQL - o.h.e.j.s.SqlStatementLogger:135 - insert into event_log (additional_details,client_ip,employee_id,event_timestamp,event_type) values (?,?,?,?,?)
2025-02-18 11:32:55 - SQL QUERY - org.hibernate.SQL - o.h.e.j.s.SqlStatementLogger:135 - select e1_0.id,e1_0.age,e1_0.birth_date,e1_0.first_name,e1_0.gender,e1_0.last_name,e1_0.position,e1_0.second_last_name,e1_0.status from employees e1_0 where e1_0.id=?
2025-02-18 11:35:15 - SQL QUERY - o.h.t.d.sql.spi.DdlTypeRegistry - o.h.t.d.s.s.DdlTypeRegistry:64 - addDescriptor(12, org.hibernate.type.descriptor.sql.internal.CapacityDependentDdlType@6d4502ca) replaced previous registration(org.hibernate.type.descriptor.sql.internal.CapacityDependentDdlType@ab2009f)
2025-02-18 11:35:15 - SQL QUERY - o.h.t.d.sql.spi.DdlTypeRegistry - o.h.t.d.s.s.DdlTypeRegistry:64 - addDescriptor(-9, org.hibernate.type.descriptor.sql.internal.CapacityDependentDdlType@2a11ae0b) replaced previous registration(org.hibernate.type.descriptor.sql.internal.CapacityDependentDdlType@1e4d8770)
2025-02-18 11:35:15 - SQL QUERY - o.h.t.d.sql.spi.DdlTypeRegistry - o.h.t.d.s.s.DdlTypeRegistry:64 - addDescriptor(-3, org.hibernate.type.descriptor.sql.internal.CapacityDependentDdlType@5b5b9521) replaced previous registration(org.hibernate.type.descriptor.sql.internal.CapacityDependentDdlType@41f7c02d)
2025-02-18 11:35:15 - SQL QUERY - o.h.t.d.sql.spi.DdlTypeRegistry - o.h.t.d.s.s.DdlTypeRegistry:64 - addDescriptor(4003, org.hibernate.type.descriptor.sql.internal.DdlTypeImpl@66314fee) replaced previous registration(org.hibernate.type.descriptor.sql.internal.DdlTypeImpl@14b5325f)
2025-02-18 11:35:15 - SQL QUERY - o.h.t.d.sql.spi.DdlTypeRegistry - o.h.t.d.s.s.DdlTypeRegistry:64 - addDescriptor(4001, org.hibernate.type.descriptor.sql.internal.DdlTypeImpl@13404f75) replaced previous registration(org.hibernate.type.descriptor.sql.internal.DdlTypeImpl@6cc90398)
2025-02-18 11:35:15 - SQL QUERY - o.h.t.d.sql.spi.DdlTypeRegistry - o.h.t.d.s.s.DdlTypeRegistry:64 - addDescriptor(4002, org.hibernate.type.descriptor.sql.internal.DdlTypeImpl@6b6fd0) replaced previous registration(org.hibernate.type.descriptor.sql.internal.DdlTypeImpl@3d718248)
2025-02-18 11:35:15 - SQL QUERY - o.h.t.d.sql.spi.DdlTypeRegistry - o.h.t.d.s.s.DdlTypeRegistry:64 - addDescriptor(2004, org.hibernate.type.descriptor.sql.internal.CapacityDependentDdlType@2cdb5974) replaced previous registration(org.hibernate.type.descriptor.sql.internal.DdlTypeImpl@8aa5ab4)
2025-02-18 11:35:15 - SQL QUERY - o.h.t.d.sql.spi.DdlTypeRegistry - o.h.t.d.s.s.DdlTypeRegistry:64 - addDescriptor(2005, org.hibernate.type.descriptor.sql.internal.CapacityDependentDdlType@53e4a19e) replaced previous registration(org.hibernate.type.descriptor.sql.internal.DdlTypeImpl@62360a68)
2025-02-18 11:35:15 - SQL QUERY - o.h.t.d.sql.spi.DdlTypeRegistry - o.h.t.d.s.s.DdlTypeRegistry:64 - addDescriptor(2011, org.hibernate.type.descriptor.sql.internal.CapacityDependentDdlType@1450ffa3) replaced previous registration(org.hibernate.type.descriptor.sql.internal.DdlTypeImpl@4e756867)
2025-02-18 11:35:16 - SQL QUERY - org.hibernate.SQL - o.h.e.j.s.SqlStatementLogger:135 - alter table error_log modify column id INT AUTO_INCREMENT COMMENT 'Unique identifier for each error log entry' not null auto_increment
2025-02-18 11:35:16 - SQL QUERY - org.hibernate.SQL - o.h.e.j.s.SqlStatementLogger:135 - alter table error_log modify column additional_details JSON
2025-02-18 11:35:16 - SQL QUERY - org.hibernate.SQL - o.h.e.j.s.SqlStatementLogger:135 - alter table error_log modify column client_ip VARCHAR(50)
2025-02-18 11:35:16 - SQL QUERY - org.hibernate.SQL - o.h.e.j.s.SqlStatementLogger:135 - alter table error_log modify column error_message TEXT NOT NULL not null
2025-02-18 11:35:16 - SQL QUERY - org.hibernate.SQL - o.h.e.j.s.SqlStatementLogger:135 - alter table error_log modify column source VARCHAR(100)
2025-02-18 11:35:16 - SQL QUERY - org.hibernate.SQL - o.h.e.j.s.SqlStatementLogger:135 - alter table error_log modify column stack_trace TEXT
2025-02-18 11:35:31 - SQL QUERY - org.hibernate.SQL - o.h.e.j.s.SqlStatementLogger:135 - select e1_0.id,e1_0.age,e1_0.birth_date,e1_0.first_name,e1_0.gender,e1_0.last_name,e1_0.position,e1_0.second_last_name,e1_0.status from employees e1_0 where e1_0.id=?
2025-02-18 11:37:12 - SQL QUERY - o.h.t.d.sql.spi.DdlTypeRegistry - o.h.t.d.s.s.DdlTypeRegistry:64 - addDescriptor(12, org.hibernate.type.descriptor.sql.internal.CapacityDependentDdlType@4213bc3e) replaced previous registration(org.hibernate.type.descriptor.sql.internal.CapacityDependentDdlType@6aaa678d)
2025-02-18 11:37:12 - SQL QUERY - o.h.t.d.sql.spi.DdlTypeRegistry - o.h.t.d.s.s.DdlTypeRegistry:64 - addDescriptor(-9, org.hibernate.type.descriptor.sql.internal.CapacityDependentDdlType@25dcf1b6) replaced previous registration(org.hibernate.type.descriptor.sql.internal.CapacityDependentDdlType@113d0f75)
2025-02-18 11:37:12 - SQL QUERY - o.h.t.d.sql.spi.DdlTypeRegistry - o.h.t.d.s.s.DdlTypeRegistry:64 - addDescriptor(-3, org.hibernate.type.descriptor.sql.internal.CapacityDependentDdlType@4e10a320) replaced previous registration(org.hibernate.type.descriptor.sql.internal.CapacityDependentDdlType@773f3360)
2025-02-18 11:37:12 - SQL QUERY - o.h.t.d.sql.spi.DdlTypeRegistry - o.h.t.d.s.s.DdlTypeRegistry:64 - addDescriptor(4003, org.hibernate.type.descriptor.sql.internal.DdlTypeImpl@352c3d70) replaced previous registration(org.hibernate.type.descriptor.sql.internal.DdlTypeImpl@4c13ca07)
2025-02-18 11:37:12 - SQL QUERY - o.h.t.d.sql.spi.DdlTypeRegistry - o.h.t.d.s.s.DdlTypeRegistry:64 - addDescriptor(4001, org.hibernate.type.descriptor.sql.internal.DdlTypeImpl@7d17906) replaced previous registration(org.hibernate.type.descriptor.sql.internal.DdlTypeImpl@97beeaf)
2025-02-18 11:37:12 - SQL QUERY - o.h.t.d.sql.spi.DdlTypeRegistry - o.h.t.d.s.s.DdlTypeRegistry:64 - addDescriptor(4002, org.hibernate.type.descriptor.sql.internal.DdlTypeImpl@5d68954d) replaced previous registration(org.hibernate.type.descriptor.sql.internal.DdlTypeImpl@f793f15)
2025-02-18 11:37:12 - SQL QUERY - o.h.t.d.sql.spi.DdlTypeRegistry - o.h.t.d.s.s.DdlTypeRegistry:64 - addDescriptor(2004, org.hibernate.type.descriptor.sql.internal.CapacityDependentDdlType@3ec7eb5) replaced previous registration(org.hibernate.type.descriptor.sql.internal.DdlTypeImpl@5534e6f1)
2025-02-18 11:37:12 - SQL QUERY - o.h.t.d.sql.spi.DdlTypeRegistry - o.h.t.d.s.s.DdlTypeRegistry:64 - addDescriptor(2005, org.hibernate.type.descriptor.sql.internal.CapacityDependentDdlType@4c6fc3e7) replaced previous registration(org.hibernate.type.descriptor.sql.internal.DdlTypeImpl@aa8dce8)
2025-02-18 11:37:12 - SQL QUERY - o.h.t.d.sql.spi.DdlTypeRegistry - o.h.t.d.s.s.DdlTypeRegistry:64 - addDescriptor(2011, org.hibernate.type.descriptor.sql.internal.CapacityDependentDdlType@6ad112de) replaced previous registration(org.hibernate.type.descriptor.sql.internal.DdlTypeImpl@18a0721b)
2025-02-18 11:37:13 - SQL QUERY - org.hibernate.SQL - o.h.e.j.s.SqlStatementLogger:135 - alter table error_log modify column id INT AUTO_INCREMENT COMMENT 'Unique identifier for each error log entry' not null auto_increment
2025-02-18 11:37:13 - SQL QUERY - org.hibernate.SQL - o.h.e.j.s.SqlStatementLogger:135 - alter table error_log modify column additional_details JSON
2025-02-18 11:37:13 - SQL QUERY - org.hibernate.SQL - o.h.e.j.s.SqlStatementLogger:135 - alter table error_log modify column client_ip VARCHAR(50)
2025-02-18 11:37:13 - SQL QUERY - org.hibernate.SQL - o.h.e.j.s.SqlStatementLogger:135 - alter table error_log modify column error_message TEXT NOT NULL not null
2025-02-18 11:37:13 - SQL QUERY - org.hibernate.SQL - o.h.e.j.s.SqlStatementLogger:135 - alter table error_log modify column source VARCHAR(100)
2025-02-18 11:37:13 - SQL QUERY - org.hibernate.SQL - o.h.e.j.s.SqlStatementLogger:135 - alter table error_log modify column stack_trace TEXT
2025-02-18 11:38:47 - SQL QUERY - o.h.t.d.sql.spi.DdlTypeRegistry - o.h.t.d.s.s.DdlTypeRegistry:64 - addDescriptor(12, org.hibernate.type.descriptor.sql.internal.CapacityDependentDdlType@6adcf059) replaced previous registration(org.hibernate.type.descriptor.sql.internal.CapacityDependentDdlType@7962a746)
2025-02-18 11:38:47 - SQL QUERY - o.h.t.d.sql.spi.DdlTypeRegistry - o.h.t.d.s.s.DdlTypeRegistry:64 - addDescriptor(-9, org.hibernate.type.descriptor.sql.internal.CapacityDependentDdlType@1c31de5d) replaced previous registration(org.hibernate.type.descriptor.sql.internal.CapacityDependentDdlType@7a7f9d45)
2025-02-18 11:38:47 - SQL QUERY - o.h.t.d.sql.spi.DdlTypeRegistry - o.h.t.d.s.s.DdlTypeRegistry:64 - addDescriptor(-3, org.hibernate.type.descriptor.sql.internal.CapacityDependentDdlType@772cf46b) replaced previous registration(org.hibernate.type.descriptor.sql.internal.CapacityDependentDdlType@1b98355f)
2025-02-18 11:38:47 - SQL QUERY - o.h.t.d.sql.spi.DdlTypeRegistry - o.h.t.d.s.s.DdlTypeRegistry:64 - addDescriptor(4003, org.hibernate.type.descriptor.sql.internal.DdlTypeImpl@949d347) replaced previous registration(org.hibernate.type.descriptor.sql.internal.DdlTypeImpl@f5ae29e)
2025-02-18 11:38:47 - SQL QUERY - o.h.t.d.sql.spi.DdlTypeRegistry - o.h.t.d.s.s.DdlTypeRegistry:64 - addDescriptor(4001, org.hibernate.type.descriptor.sql.internal.DdlTypeImpl@1fc5c0b2) replaced previous registration(org.hibernate.type.descriptor.sql.internal.DdlTypeImpl@45ad3cd8)
2025-02-18 11:38:47 - SQL QUERY - o.h.t.d.sql.spi.DdlTypeRegistry - o.h.t.d.s.s.DdlTypeRegistry:64 - addDescriptor(4002, org.hibernate.type.descriptor.sql.internal.DdlTypeImpl@2b90cc1) replaced previous registration(org.hibernate.type.descriptor.sql.internal.DdlTypeImpl@5a2f401a)
2025-02-18 11:38:47 - SQL QUERY - o.h.t.d.sql.spi.DdlTypeRegistry - o.h.t.d.s.s.DdlTypeRegistry:64 - addDescriptor(2004, org.hibernate.type.descriptor.sql.internal.CapacityDependentDdlType@6bdedbbd) replaced previous registration(org.hibernate.type.descriptor.sql.internal.DdlTypeImpl@47b961e2)
2025-02-18 11:38:47 - SQL QUERY - o.h.t.d.sql.spi.DdlTypeRegistry - o.h.t.d.s.s.DdlTypeRegistry:64 - addDescriptor(2005, org.hibernate.type.descriptor.sql.internal.CapacityDependentDdlType@d2cb2d0) replaced previous registration(org.hibernate.type.descriptor.sql.internal.DdlTypeImpl@2d230cff)
2025-02-18 11:38:47 - SQL QUERY - o.h.t.d.sql.spi.DdlTypeRegistry - o.h.t.d.s.s.DdlTypeRegistry:64 - addDescriptor(2011, org.hibernate.type.descriptor.sql.internal.CapacityDependentDdlType@30bd39d5) replaced previous registration(org.hibernate.type.descriptor.sql.internal.DdlTypeImpl@3c87e851)
2025-02-18 11:38:48 - SQL QUERY - org.hibernate.SQL - o.h.e.j.s.SqlStatementLogger:135 - alter table error_log modify column id INT AUTO_INCREMENT COMMENT 'Unique identifier for each error log entry' not null auto_increment
2025-02-18 11:38:48 - SQL QUERY - org.hibernate.SQL - o.h.e.j.s.SqlStatementLogger:135 - alter table error_log modify column additional_details JSON
2025-02-18 11:38:48 - SQL QUERY - org.hibernate.SQL - o.h.e.j.s.SqlStatementLogger:135 - alter table error_log modify column client_ip VARCHAR(50)
2025-02-18 11:38:48 - SQL QUERY - org.hibernate.SQL - o.h.e.j.s.SqlStatementLogger:135 - alter table error_log modify column error_message TEXT NOT NULL not null
2025-02-18 11:38:48 - SQL QUERY - org.hibernate.SQL - o.h.e.j.s.SqlStatementLogger:135 - alter table error_log modify column source VARCHAR(100)
2025-02-18 11:38:48 - SQL QUERY - org.hibernate.SQL - o.h.e.j.s.SqlStatementLogger:135 - alter table error_log modify column stack_trace TEXT
2025-02-18 11:40:09 - SQL QUERY - org.hibernate.SQL - o.h.e.j.s.SqlStatementLogger:135 - select e1_0.id,e1_0.age,e1_0.birth_date,e1_0.first_name,e1_0.gender,e1_0.last_name,e1_0.position,e1_0.second_last_name,e1_0.status from employees e1_0 where e1_0.id=?
2025-02-18 11:40:09 - SQL QUERY - org.hibernate.SQL - o.h.e.j.s.SqlStatementLogger:135 - insert into error_log (additional_details,client_ip,employee_id,error_message,error_timestamp,event_type,source,stack_trace) values (?,?,?,?,?,?,?,?)
2025-02-18 11:48:31 - SQL QUERY - org.hibernate.SQL - o.h.e.j.s.SqlStatementLogger:135 - select e1_0.id,e1_0.age,e1_0.birth_date,e1_0.first_name,e1_0.gender,e1_0.last_name,e1_0.position,e1_0.second_last_name,e1_0.status from employees e1_0 where e1_0.id=?
2025-02-18 11:48:31 - SQL QUERY - org.hibernate.SQL - o.h.e.j.s.SqlStatementLogger:135 - insert into error_log (additional_details,client_ip,employee_id,error_message,error_timestamp,event_type,source,stack_trace) values (?,?,?,?,?,?,?,?)
